[  0%] Built target roscpp_generate_messages_py
[  0%] Built target rosgraph_msgs_generate_messages_py
[  0%] Built target std_msgs_generate_messages_eus
[  0%] Built target std_msgs_generate_messages_nodejs
[  0%] Built target roscpp_generate_messages_lisp
[  0%] Built target std_msgs_generate_messages_cpp
[  0%] Built target rosgraph_msgs_generate_messages_cpp
[  0%] Built target rosgraph_msgs_generate_messages_nodejs
[  0%] Built target rosgraph_msgs_generate_messages_eus
[  0%] Built target roscpp_generate_messages_cpp
[  0%] Built target rosgraph_msgs_generate_messages_lisp
[  0%] Built target roscpp_generate_messages_nodejs
[  0%] Built target std_msgs_generate_messages_py
[  0%] Built target std_msgs_generate_messages_lisp
[  0%] Built target roscpp_generate_messages_eus
[35m[1mScanning dependencies of target simple_chassis_controller[0m
[ 33%] [32mBuilding CXX object CMakeFiles/simple_chassis_controller.dir/src/simple_chassis_controller.cpp.o[0m
[ 66%] [32mBuilding CXX object CMakeFiles/simple_chassis_controller.dir/home/hunter/jun_ws/src/hero_chassis_controller/src/hero_chassis_controller.cpp.o[0m
[100%] [32m[1mLinking CXX shared library /home/hunter/jun_ws/devel/.private/simple_chassis_controller/lib/libsimple_chassis_controller.so[0m
[100%] Built target simple_chassis_controller
